<?xml version="1.0" encoding="UTF-8"?>
<!-- Generated by org.testng.reporters.JUnitReportReporter -->
<testsuite hostname="LAPTOP-M91AUNCP" failures="0" tests="1" name="Demo.SampleTest" time="0.005" errors="0" timestamp="2022-12-15T23:23:17 IST" skipped="0">
  <testcase classname="Demo.SampleTest" name="sampleTest" time="0.005"/>
  <system-out/>
</testsuite> <!-- Demo.SampleTest -->
